{"/Users/HR/rpt/PlayList/client/index.jsx": {"path":"/Users/HR/rpt/PlayList/client/index.jsx","statementMap":{"0":{"start":{"line":8,"column":16},"end":{"line":16,"column":1}},"1":{"start":{"line":17,"column":16},"end":{"line":20,"column":1}},"2":{"start":{"line":22,"column":14},"end":{"line":26,"column":1}},"3":{"start":{"line":28,"column":15},"end":{"line":32,"column":1}},"4":{"start":{"line":36,"column":8},"end":{"line":36,"column":21}},"5":{"start":{"line":37,"column":8},"end":{"line":40,"column":9}},"6":{"start":{"line":41,"column":8},"end":{"line":41,"column":48}},"7":{"start":{"line":42,"column":8},"end":{"line":42,"column":66}},"8":{"start":{"line":43,"column":8},"end":{"line":43,"column":64}},"9":{"start":{"line":44,"column":8},"end":{"line":44,"column":66}},"10":{"start":{"line":48,"column":8},"end":{"line":59,"column":9}},"11":{"start":{"line":49,"column":21},"end":{"line":49,"column":31}},"12":{"start":{"line":52,"column":16},"end":{"line":54,"column":18}},"13":{"start":{"line":57,"column":16},"end":{"line":57,"column":53}},"14":{"start":{"line":62,"column":8},"end":{"line":73,"column":9}},"15":{"start":{"line":63,"column":21},"end":{"line":63,"column":31}},"16":{"start":{"line":66,"column":16},"end":{"line":68,"column":18}},"17":{"start":{"line":71,"column":16},"end":{"line":71,"column":53}},"18":{"start":{"line":77,"column":8},"end":{"line":88,"column":9}},"19":{"start":{"line":78,"column":21},"end":{"line":78,"column":31}},"20":{"start":{"line":81,"column":16},"end":{"line":83,"column":18}},"21":{"start":{"line":86,"column":16},"end":{"line":86,"column":53}},"22":{"start":{"line":92,"column":8},"end":{"line":103,"column":9}},"23":{"start":{"line":93,"column":21},"end":{"line":93,"column":31}},"24":{"start":{"line":96,"column":16},"end":{"line":98,"column":18}},"25":{"start":{"line":101,"column":16},"end":{"line":101,"column":53}},"26":{"start":{"line":108,"column":8},"end":{"line":108,"column":24}},"27":{"start":{"line":112,"column":8},"end":{"line":145,"column":10}},"28":{"start":{"line":148,"column":1},"end":{"line":148,"column":22}}},"fnMap":{"0":{"name":"(anonymous_0)","decl":{"start":{"line":35,"column":4},"end":{"line":35,"column":5}},"loc":{"start":{"line":35,"column":22},"end":{"line":46,"column":5}},"line":35},"1":{"name":"(anonymous_1)","decl":{"start":{"line":47,"column":4},"end":{"line":47,"column":5}},"loc":{"start":{"line":47,"column":14},"end":{"line":60,"column":5}},"line":47},"2":{"name":"(anonymous_2)","decl":{"start":{"line":49,"column":14},"end":{"line":49,"column":15}},"loc":{"start":{"line":49,"column":21},"end":{"line":49,"column":31}},"line":49},"3":{"name":"(anonymous_3)","decl":{"start":{"line":51,"column":12},"end":{"line":51,"column":13}},"loc":{"start":{"line":51,"column":24},"end":{"line":55,"column":13}},"line":51},"4":{"name":"(anonymous_4)","decl":{"start":{"line":56,"column":12},"end":{"line":56,"column":13}},"loc":{"start":{"line":56,"column":22},"end":{"line":58,"column":13}},"line":56},"5":{"name":"(anonymous_5)","decl":{"start":{"line":61,"column":4},"end":{"line":61,"column":5}},"loc":{"start":{"line":61,"column":23},"end":{"line":75,"column":5}},"line":61},"6":{"name":"(anonymous_6)","decl":{"start":{"line":63,"column":14},"end":{"line":63,"column":15}},"loc":{"start":{"line":63,"column":21},"end":{"line":63,"column":31}},"line":63},"7":{"name":"(anonymous_7)","decl":{"start":{"line":65,"column":12},"end":{"line":65,"column":13}},"loc":{"start":{"line":65,"column":24},"end":{"line":69,"column":13}},"line":65},"8":{"name":"(anonymous_8)","decl":{"start":{"line":70,"column":12},"end":{"line":70,"column":13}},"loc":{"start":{"line":70,"column":22},"end":{"line":72,"column":13}},"line":70},"9":{"name":"(anonymous_9)","decl":{"start":{"line":76,"column":4},"end":{"line":76,"column":5}},"loc":{"start":{"line":76,"column":22},"end":{"line":90,"column":5}},"line":76},"10":{"name":"(anonymous_10)","decl":{"start":{"line":78,"column":14},"end":{"line":78,"column":15}},"loc":{"start":{"line":78,"column":21},"end":{"line":78,"column":31}},"line":78},"11":{"name":"(anonymous_11)","decl":{"start":{"line":80,"column":12},"end":{"line":80,"column":13}},"loc":{"start":{"line":80,"column":24},"end":{"line":84,"column":13}},"line":80},"12":{"name":"(anonymous_12)","decl":{"start":{"line":85,"column":12},"end":{"line":85,"column":13}},"loc":{"start":{"line":85,"column":22},"end":{"line":87,"column":13}},"line":85},"13":{"name":"(anonymous_13)","decl":{"start":{"line":91,"column":4},"end":{"line":91,"column":5}},"loc":{"start":{"line":91,"column":23},"end":{"line":105,"column":5}},"line":91},"14":{"name":"(anonymous_14)","decl":{"start":{"line":93,"column":14},"end":{"line":93,"column":15}},"loc":{"start":{"line":93,"column":21},"end":{"line":93,"column":31}},"line":93},"15":{"name":"(anonymous_15)","decl":{"start":{"line":95,"column":12},"end":{"line":95,"column":13}},"loc":{"start":{"line":95,"column":24},"end":{"line":99,"column":13}},"line":95},"16":{"name":"(anonymous_16)","decl":{"start":{"line":100,"column":12},"end":{"line":100,"column":13}},"loc":{"start":{"line":100,"column":22},"end":{"line":102,"column":13}},"line":100},"17":{"name":"(anonymous_17)","decl":{"start":{"line":107,"column":4},"end":{"line":107,"column":5}},"loc":{"start":{"line":107,"column":23},"end":{"line":109,"column":5}},"line":107},"18":{"name":"(anonymous_18)","decl":{"start":{"line":111,"column":4},"end":{"line":111,"column":5}},"loc":{"start":{"line":111,"column":12},"end":{"line":146,"column":5}},"line":111}},"branchMap":{},"s":{"0":1,"1":1,"2":1,"3":1,"4":1,"5":1,"6":1,"7":1,"8":1,"9":1,"10":1,"11":1,"12":0,"13":1,"14":0,"15":0,"16":0,"17":0,"18":0,"19":0,"20":0,"21":0,"22":0,"23":0,"24":0,"25":0,"26":1,"27":1,"28":1},"f":{"0":1,"1":1,"2":1,"3":0,"4":1,"5":0,"6":0,"7":0,"8":0,"9":0,"10":0,"11":0,"12":0,"13":0,"14":0,"15":0,"16":0,"17":1,"18":1},"b":{},"_coverageSchema":"332fd63041d2c1bcb487cc26dd0d5f7d97098a6c","hash":"ee0899aed374eef42d6226366cd13b6737af3723"}
,"/Users/HR/rpt/PlayList/client/components/AudioList.jsx": {"path":"/Users/HR/rpt/PlayList/client/components/AudioList.jsx","statementMap":{"0":{"start":{"line":9,"column":8},"end":{"line":31,"column":16}},"1":{"start":{"line":20,"column":16},"end":{"line":28,"column":21}},"2":{"start":{"line":27,"column":42},"end":{"line":27,"column":88}},"3":{"start":{"line":33,"column":4},"end":{"line":37,"column":5}}},"fnMap":{"0":{"name":"AudioList","decl":{"start":{"line":6,"column":9},"end":{"line":6,"column":18}},"loc":{"start":{"line":6,"column":26},"end":{"line":38,"column":1}},"line":6},"1":{"name":"(anonymous_1)","decl":{"start":{"line":19,"column":33},"end":{"line":19,"column":34}},"loc":{"start":{"line":20,"column":16},"end":{"line":28,"column":21}},"line":20},"2":{"name":"(anonymous_2)","decl":{"start":{"line":27,"column":37},"end":{"line":27,"column":38}},"loc":{"start":{"line":27,"column":42},"end":{"line":27,"column":88}},"line":27}},"branchMap":{},"s":{"0":0,"1":0,"2":0,"3":0},"f":{"0":0,"1":0,"2":0},"b":{},"_coverageSchema":"332fd63041d2c1bcb487cc26dd0d5f7d97098a6c","hash":"b744727be5a32183b5df9a9a6a7aaaf0ef0bb781"}
,"/Users/HR/rpt/PlayList/test/setupTests.js": {"path":"/Users/HR/rpt/PlayList/test/setupTests.js","statementMap":{"0":{"start":{"line":3,"column":0},"end":{"line":3,"column":38}},"1":{"start":{"line":4,"column":0},"end":{"line":4,"column":41}}},"fnMap":{},"branchMap":{},"s":{"0":1,"1":1},"f":{},"b":{},"_coverageSchema":"332fd63041d2c1bcb487cc26dd0d5f7d97098a6c","hash":"dd60617ca541b8ff452e99469ccfc441e29fa3b4"}
}
