TN:
SF:/Users/HR/rpt/PlayList/client/index.jsx
FN:35,(anonymous_0)
FN:47,(anonymous_1)
FN:49,(anonymous_2)
FN:51,(anonymous_3)
FN:56,(anonymous_4)
FN:61,(anonymous_5)
FN:63,(anonymous_6)
FN:65,(anonymous_7)
FN:70,(anonymous_8)
FN:76,(anonymous_9)
FN:78,(anonymous_10)
FN:80,(anonymous_11)
FN:85,(anonymous_12)
FN:91,(anonymous_13)
FN:93,(anonymous_14)
FN:95,(anonymous_15)
FN:100,(anonymous_16)
FN:107,(anonymous_17)
FN:111,(anonymous_18)
FNF:19
FNH:6
FNDA:1,(anonymous_0)
FNDA:1,(anonymous_1)
FNDA:1,(anonymous_2)
FNDA:0,(anonymous_3)
FNDA:1,(anonymous_4)
FNDA:0,(anonymous_5)
FNDA:0,(anonymous_6)
FNDA:0,(anonymous_7)
FNDA:0,(anonymous_8)
FNDA:0,(anonymous_9)
FNDA:0,(anonymous_10)
FNDA:0,(anonymous_11)
FNDA:0,(anonymous_12)
FNDA:0,(anonymous_13)
FNDA:0,(anonymous_14)
FNDA:0,(anonymous_15)
FNDA:0,(anonymous_16)
FNDA:1,(anonymous_17)
FNDA:1,(anonymous_18)
DA:8,1
DA:17,1
DA:22,1
DA:28,1
DA:36,1
DA:37,1
DA:41,1
DA:42,1
DA:43,1
DA:44,1
DA:48,1
DA:49,1
DA:52,0
DA:57,1
DA:62,0
DA:63,0
DA:66,0
DA:71,0
DA:77,0
DA:78,0
DA:81,0
DA:86,0
DA:92,0
DA:93,0
DA:96,0
DA:101,0
DA:108,1
DA:112,1
DA:148,1
LF:29
LH:16
BRF:0
BRH:0
end_of_record
TN:
SF:/Users/HR/rpt/PlayList/client/components/AudioList.jsx
FN:6,AudioList
FN:19,(anonymous_1)
FN:27,(anonymous_2)
FNF:3
FNH:0
FNDA:0,AudioList
FNDA:0,(anonymous_1)
FNDA:0,(anonymous_2)
DA:9,0
DA:20,0
DA:27,0
DA:33,0
LF:4
LH:0
BRF:0
BRH:0
end_of_record
TN:
SF:/Users/HR/rpt/PlayList/test/setupTests.js
FNF:0
FNH:0
DA:3,1
DA:4,1
LF:2
LH:2
BRF:0
BRH:0
end_of_record
